# JRE version: Java(TM) SE Runtime Environment (8.0_221-b11) (build 1.8.0_221-b11)
# Java VM: Java HotSpot(TM) 64-Bit Server VM (25.221-b11 mixed mode windows-amd64 compressed oops)
Heap:
 PSYoungGen      total 263168K, used 145696K [0x00000000d5580000, 0x00000000ea600000, 0x0000000100000000)
  eden space 242688K, 53% used [0x00000000d5580000,0x00000000dd4dce08,0x00000000e4280000)
  from space 20480K, 74% used [0x00000000e4280000,0x00000000e516b2f8,0x00000000e5680000)
  to   space 22016K, 0% used [0x00000000e9080000,0x00000000e9080000,0x00000000ea600000)
 ParOldGen       total 83456K, used 45403K [0x0000000080000000, 0x0000000085180000, 0x00000000d5580000)
  object space 83456K, 54% used [0x0000000080000000,0x0000000082c56e88,0x0000000085180000)
 Metaspace       used 74853K, capacity 78374K, committed 78592K, reserved 1116160K
  class space    used 10503K, capacity 11171K, committed 11264K, reserved 1048576K
GC Heap History (10 events):
Event: 19.504 GC heap before
{Heap before GC invocations=14 (full 2):
 PSYoungGen      total 151552K, used 151540K [0x00000000d5580000, 0x00000000e2b00000, 0x0000000100000000)
  eden space 139264K, 100% used [0x00000000d5580000,0x00000000ddd80000,0x00000000ddd80000)
  from space 12288K, 99% used [0x00000000ddd80000,0x00000000de97d148,0x00000000de980000)
  to   space 15872K, 0% used [0x00000000e1b80000,0x00000000e1b80000,0x00000000e2b00000)
 ParOldGen       total 50688K, used 18829K [0x0000000080000000, 0x0000000083180000, 0x00000000d5580000)
  object space 50688K, 37% used [0x0000000080000000,0x00000000812635f0,0x0000000083180000)
 Metaspace       used 55652K, capacity 57648K, committed 57984K, reserved 1099776K
  class space    used 7783K, capacity 8218K, committed 8320K, reserved 1048576K
Event: 19.573 GC heap after
Heap after GC invocations=14 (full 2):
 PSYoungGen      total 200192K, used 14842K [0x00000000d5580000, 0x00000000e2d80000, 0x0000000100000000)
  eden space 184320K, 0% used [0x00000000d5580000,0x00000000d5580000,0x00000000e0980000)
  from space 15872K, 93% used [0x00000000e1b80000,0x00000000e29fe8e8,0x00000000e2b00000)
  to   space 18432K, 0% used [0x00000000e0980000,0x00000000e0980000,0x00000000e1b80000)
 ParOldGen       total 50688K, used 27979K [0x0000000080000000, 0x0000000083180000, 0x00000000d5580000)
  object space 50688K, 55% used [0x0000000080000000,0x0000000081b52ec0,0x0000000083180000)
 Metaspace       used 55652K, capacity 57648K, committed 57984K, reserved 1099776K
  class space    used 7783K, capacity 8218K, committed 8320K, reserved 1048576K
}
Event: 19.960 GC heap before
{Heap before GC invocations=15 (full 2):
 PSYoungGen      total 200192K, used 35426K [0x00000000d5580000, 0x00000000e2d80000, 0x0000000100000000)
  eden space 184320K, 11% used [0x00000000d5580000,0x00000000d699a2d0,0x00000000e0980000)
  from space 15872K, 93% used [0x00000000e1b80000,0x00000000e29fe8e8,0x00000000e2b00000)
  to   space 18432K, 0% used [0x00000000e0980000,0x00000000e0980000,0x00000000e1b80000)
 ParOldGen       total 50688K, used 27979K [0x0000000080000000, 0x0000000083180000, 0x00000000d5580000)
  object space 50688K, 55% used [0x0000000080000000,0x0000000081b52ec0,0x0000000083180000)
 Metaspace       used 57062K, capacity 59070K, committed 59160K, reserved 1099776K
  class space    used 8028K, capacity 8487K, committed 8576K, reserved 1048576K
Event: 19.979 GC heap after
Heap after GC invocations=15 (full 2):
 PSYoungGen      total 202752K, used 1845K [0x00000000d5580000, 0x00000000e6b80000, 0x0000000100000000)
  eden space 184320K, 0% used [0x00000000d5580000,0x00000000d5580000,0x00000000e0980000)
  from space 18432K, 10% used [0x00000000e0980000,0x00000000e0b4d510,0x00000000e1b80000)
  to   space 17920K, 0% used [0x00000000e5a00000,0x00000000e5a00000,0x00000000e6b80000)
 ParOldGen       total 50688K, used 36671K [0x0000000080000000, 0x0000000083180000, 0x00000000d5580000)
  object space 50688K, 72% used [0x0000000080000000,0x00000000823cfd28,0x0000000083180000)
 Metaspace       used 57062K, capacity 59070K, committed 59160K, reserved 1099776K
  class space    used 8028K, capacity 8487K, committed 8576K, reserved 1048576K
}
Event: 19.979 GC heap before
{Heap before GC invocations=16 (full 3):
 PSYoungGen      total 202752K, used 1845K [0x00000000d5580000, 0x00000000e6b80000, 0x0000000100000000)
  eden space 184320K, 0% used [0x00000000d5580000,0x00000000d5580000,0x00000000e0980000)
  from space 18432K, 10% used [0x00000000e0980000,0x00000000e0b4d510,0x00000000e1b80000)
  to   space 17920K, 0% used [0x00000000e5a00000,0x00000000e5a00000,0x00000000e6b80000)
 ParOldGen       total 50688K, used 36671K [0x0000000080000000, 0x0000000083180000, 0x00000000d5580000)
  object space 50688K, 72% used [0x0000000080000000,0x00000000823cfd28,0x0000000083180000)
 Metaspace       used 57062K, capacity 59070K, committed 59160K, reserved 1099776K
  class space    used 8028K, capacity 8487K, committed 8576K, reserved 1048576K
Event: 20.311 GC heap after
Heap after GC invocations=16 (full 3):
 PSYoungGen      total 202752K, used 0K [0x00000000d5580000, 0x00000000e6b80000, 0x0000000100000000)
  eden space 184320K, 0% used [0x00000000d5580000,0x00000000d5580000,0x00000000e0980000)
  from space 18432K, 0% used [0x00000000e0980000,0x00000000e0980000,0x00000000e1b80000)
  to   space 17920K, 0% used [0x00000000e5a00000,0x00000000e5a00000,0x00000000e6b80000)
 ParOldGen       total 83456K, used 31639K [0x0000000080000000, 0x0000000085180000, 0x00000000d5580000)
  object space 83456K, 37% used [0x0000000080000000,0x0000000081ee5db8,0x0000000085180000)
 Metaspace       used 57055K, capacity 59046K, committed 59160K, reserved 1099776K
  class space    used 8025K, capacity 8483K, committed 8576K, reserved 1048576K
}
Event: 26.183 GC heap before
{Heap before GC invocations=17 (full 3):
 PSYoungGen      total 202752K, used 184320K [0x00000000d5580000, 0x00000000e6b80000, 0x0000000100000000)
  eden space 184320K, 100% used [0x00000000d5580000,0x00000000e0980000,0x00000000e0980000)
  from space 18432K, 0% used [0x00000000e0980000,0x00000000e0980000,0x00000000e1b80000)
  to   space 17920K, 0% used [0x00000000e5a00000,0x00000000e5a00000,0x00000000e6b80000)
 ParOldGen       total 83456K, used 31639K [0x0000000080000000, 0x0000000085180000, 0x00000000d5580000)
  object space 83456K, 37% used [0x0000000080000000,0x0000000081ee5db8,0x0000000085180000)
 Metaspace       used 61959K, capacity 64572K, committed 64896K, reserved 1105920K
  class space    used 8696K, capacity 9224K, committed 9344K, reserved 1048576K
Event: 26.227 GC heap after
Heap after GC invocations=17 (full 3):
 PSYoungGen      total 255488K, used 16808K [0x00000000d5580000, 0x00000000e6a80000, 0x0000000100000000)
  eden space 238592K, 0% used [0x00000000d5580000,0x00000000d5580000,0x00000000e3e80000)
  from space 16896K, 99% used [0x00000000e5a00000,0x00000000e6a6a160,0x00000000e6a80000)
  to   space 20480K, 0% used [0x00000000e4280000,0x00000000e4280000,0x00000000e5680000)
 ParOldGen       total 83456K, used 31647K [0x0000000080000000, 0x0000000085180000, 0x00000000d5580000)
  object space 83456K, 37% used [0x0000000080000000,0x0000000081ee7db8,0x0000000085180000)
 Metaspace       used 61959K, capacity 64572K, committed 64896K, reserved 1105920K
  class space    used 8696K, capacity 9224K, committed 9344K, reserved 1048576K
}
Event: 39.863 GC heap before
{Heap before GC invocations=18 (full 3):
 PSYoungGen      total 255488K, used 255400K [0x00000000d5580000, 0x00000000e6a80000, 0x0000000100000000)
  eden space 238592K, 100% used [0x00000000d5580000,0x00000000e3e80000,0x00000000e3e80000)
  from space 16896K, 99% used [0x00000000e5a00000,0x00000000e6a6a160,0x00000000e6a80000)
  to   space 20480K, 0% used [0x00000000e4280000,0x00000000e4280000,0x00000000e5680000)
 ParOldGen       total 83456K, used 31647K [0x0000000080000000, 0x0000000085180000, 0x00000000d5580000)
  object space 83456K, 37% used [0x0000000080000000,0x0000000081ee7db8,0x0000000085180000)
 Metaspace       used 68008K, capacity 70882K, committed 71040K, reserved 1110016K
  class space    used 9417K, capacity 10011K, committed 10112K, reserved 1048576K
Event: 39.913 GC heap after
Heap after GC invocations=18 (full 3):
 PSYoungGen      total 263168K, used 15276K [0x00000000d5580000, 0x00000000ea600000, 0x0000000100000000)
  eden space 242688K, 0% used [0x00000000d5580000,0x00000000d5580000,0x00000000e4280000)
  from space 20480K, 74% used [0x00000000e4280000,0x00000000e516b2f8,0x00000000e5680000)
  to   space 22016K, 0% used [0x00000000e9080000,0x00000000e9080000,0x00000000ea600000)
 ParOldGen       total 83456K, used 45403K [0x0000000080000000, 0x0000000085180000, 0x00000000d5580000)
  object space 83456K, 54% used [0x0000000080000000,0x0000000082c56e88,0x0000000085180000)
 Metaspace       used 68008K, capacity 70882K, committed 71040K, reserved 1110016K
  class space    used 9417K, capacity 10011K, committed 10112K, reserved 1048576K
}

