# JRE version: Java(TM) SE Runtime Environment (8.0_221-b11) (build 1.8.0_221-b11)
# Java VM: Java HotSpot(TM) 64-Bit Server VM (25.221-b11 mixed mode windows-amd64 compressed oops)
Heap:
 PSYoungGen      total 230912K, used 207726K [0x00000000d5580000, 0x00000000e8400000, 0x0000000100000000)
  eden space 165888K, 95% used [0x00000000d5580000,0x00000000df0622e0,0x00000000df780000)
  from space 65024K, 75% used [0x00000000df780000,0x00000000e2779748,0x00000000e3700000)
  to   space 58368K, 0% used [0x00000000e3700000,0x00000000e3700000,0x00000000e7000000)
 ParOldGen       total 104448K, used 70623K [0x0000000080000000, 0x0000000086600000, 0x00000000d5580000)
  object space 104448K, 67% used [0x0000000080000000,0x00000000844f7c98,0x0000000086600000)
 Metaspace       used 87456K, capacity 91687K, committed 91904K, reserved 1128448K
  class space    used 12004K, capacity 12776K, committed 12800K, reserved 1048576K
GC Heap History (10 events):
Event: 90.453 GC heap before
{Heap before GC invocations=20 (full 3):
 PSYoungGen      total 169984K, used 169716K [0x00000000d5580000, 0x00000000e1c00000, 0x0000000100000000)
  eden space 145408K, 100% used [0x00000000d5580000,0x00000000de380000,0x00000000de380000)
  from space 24576K, 98% used [0x00000000dff00000,0x00000000e16bd1f8,0x00000000e1700000)
  to   space 28160K, 0% used [0x00000000de380000,0x00000000de380000,0x00000000dff00000)
 ParOldGen       total 104448K, used 34852K [0x0000000080000000, 0x0000000086600000, 0x00000000d5580000)
  object space 104448K, 33% used [0x0000000080000000,0x0000000082209100,0x0000000086600000)
 Metaspace       used 72489K, capacity 75527K, committed 75648K, reserved 1114112K
  class space    used 10000K, capacity 10588K, committed 10624K, reserved 1048576K
Event: 90.518 GC heap after
Heap after GC invocations=20 (full 3):
 PSYoungGen      total 173568K, used 28159K [0x00000000d5580000, 0x00000000e3580000, 0x0000000100000000)
  eden space 145408K, 0% used [0x00000000d5580000,0x00000000d5580000,0x00000000de380000)
  from space 28160K, 99% used [0x00000000de380000,0x00000000dfeffd08,0x00000000dff00000)
  to   space 34816K, 0% used [0x00000000e1380000,0x00000000e1380000,0x00000000e3580000)
 ParOldGen       total 104448K, used 41670K [0x0000000080000000, 0x0000000086600000, 0x00000000d5580000)
  object space 104448K, 39% used [0x0000000080000000,0x00000000828b1820,0x0000000086600000)
 Metaspace       used 72489K, capacity 75527K, committed 75648K, reserved 1114112K
  class space    used 10000K, capacity 10588K, committed 10624K, reserved 1048576K
}
Event: 95.643 GC heap before
{Heap before GC invocations=21 (full 3):
 PSYoungGen      total 173568K, used 173567K [0x00000000d5580000, 0x00000000e3580000, 0x0000000100000000)
  eden space 145408K, 100% used [0x00000000d5580000,0x00000000de380000,0x00000000de380000)
  from space 28160K, 99% used [0x00000000de380000,0x00000000dfeffd08,0x00000000dff00000)
  to   space 34816K, 0% used [0x00000000e1380000,0x00000000e1380000,0x00000000e3580000)
 ParOldGen       total 104448K, used 41670K [0x0000000080000000, 0x0000000086600000, 0x00000000d5580000)
  object space 104448K, 39% used [0x0000000080000000,0x00000000828b1820,0x0000000086600000)
 Metaspace       used 77256K, capacity 80363K, committed 80640K, reserved 1118208K
  class space    used 10589K, capacity 11214K, committed 11264K, reserved 1048576K
Event: 95.753 GC heap after
Heap after GC invocations=21 (full 3):
 PSYoungGen      total 185344K, used 34800K [0x00000000d5580000, 0x00000000e4d00000, 0x0000000100000000)
  eden space 150528K, 0% used [0x00000000d5580000,0x00000000d5580000,0x00000000de880000)
  from space 34816K, 99% used [0x00000000e1380000,0x00000000e357c198,0x00000000e3580000)
  to   space 44032K, 0% used [0x00000000de880000,0x00000000de880000,0x00000000e1380000)
 ParOldGen       total 104448K, used 51860K [0x0000000080000000, 0x0000000086600000, 0x00000000d5580000)
  object space 104448K, 49% used [0x0000000080000000,0x00000000832a5098,0x0000000086600000)
 Metaspace       used 77256K, capacity 80363K, committed 80640K, reserved 1118208K
  class space    used 10589K, capacity 11214K, committed 11264K, reserved 1048576K
}
Event: 102.695 GC heap before
{Heap before GC invocations=22 (full 3):
 PSYoungGen      total 185344K, used 185328K [0x00000000d5580000, 0x00000000e4d00000, 0x0000000100000000)
  eden space 150528K, 100% used [0x00000000d5580000,0x00000000de880000,0x00000000de880000)
  from space 34816K, 99% used [0x00000000e1380000,0x00000000e357c198,0x00000000e3580000)
  to   space 44032K, 0% used [0x00000000de880000,0x00000000de880000,0x00000000e1380000)
 ParOldGen       total 104448K, used 51860K [0x0000000080000000, 0x0000000086600000, 0x00000000d5580000)
  object space 104448K, 49% used [0x0000000080000000,0x00000000832a5098,0x0000000086600000)
 Metaspace       used 81893K, capacity 85483K, committed 85760K, reserved 1122304K
  class space    used 11256K, capacity 11958K, committed 12032K, reserved 1048576K
Event: 102.804 GC heap after
Heap after GC invocations=22 (full 3):
 PSYoungGen      total 194560K, used 44026K [0x00000000d5580000, 0x00000000e7000000, 0x0000000100000000)
  eden space 150528K, 0% used [0x00000000d5580000,0x00000000d5580000,0x00000000de880000)
  from space 44032K, 99% used [0x00000000de880000,0x00000000e137e940,0x00000000e1380000)
  to   space 58368K, 0% used [0x00000000e3700000,0x00000000e3700000,0x00000000e7000000)
 ParOldGen       total 104448K, used 70607K [0x0000000080000000, 0x0000000086600000, 0x00000000d5580000)
  object space 104448K, 67% used [0x0000000080000000,0x00000000844f3c98,0x0000000086600000)
 Metaspace       used 81893K, capacity 85483K, committed 85760K, reserved 1122304K
  class space    used 11256K, capacity 11958K, committed 12032K, reserved 1048576K
}
Event: 105.247 GC heap before
{Heap before GC invocations=23 (full 3):
 PSYoungGen      total 194560K, used 194554K [0x00000000d5580000, 0x00000000e7000000, 0x0000000100000000)
  eden space 150528K, 100% used [0x00000000d5580000,0x00000000de880000,0x00000000de880000)
  from space 44032K, 99% used [0x00000000de880000,0x00000000e137e940,0x00000000e1380000)
  to   space 58368K, 0% used [0x00000000e3700000,0x00000000e3700000,0x00000000e7000000)
 ParOldGen       total 104448K, used 70607K [0x0000000080000000, 0x0000000086600000, 0x00000000d5580000)
  object space 104448K, 67% used [0x0000000080000000,0x00000000844f3c98,0x0000000086600000)
 Metaspace       used 87023K, capacity 91257K, committed 91392K, reserved 1128448K
  class space    used 11978K, capacity 12733K, committed 12800K, reserved 1048576K
Event: 105.347 GC heap after
Heap after GC invocations=23 (full 3):
 PSYoungGen      total 224256K, used 49962K [0x00000000d5580000, 0x00000000e8400000, 0x0000000100000000)
  eden space 165888K, 0% used [0x00000000d5580000,0x00000000d5580000,0x00000000df780000)
  from space 58368K, 85% used [0x00000000e3700000,0x00000000e67cab30,0x00000000e7000000)
  to   space 65024K, 0% used [0x00000000df780000,0x00000000df780000,0x00000000e3700000)
 ParOldGen       total 104448K, used 70615K [0x0000000080000000, 0x0000000086600000, 0x00000000d5580000)
  object space 104448K, 67% used [0x0000000080000000,0x00000000844f5c98,0x0000000086600000)
 Metaspace       used 87023K, capacity 91257K, committed 91392K, reserved 1128448K
  class space    used 11978K, capacity 12733K, committed 12800K, reserved 1048576K
}
Event: 107.081 GC heap before
{Heap before GC invocations=24 (full 3):
 PSYoungGen      total 224256K, used 215850K [0x00000000d5580000, 0x00000000e8400000, 0x0000000100000000)
  eden space 165888K, 100% used [0x00000000d5580000,0x00000000df780000,0x00000000df780000)
  from space 58368K, 85% used [0x00000000e3700000,0x00000000e67cab30,0x00000000e7000000)
  to   space 65024K, 0% used [0x00000000df780000,0x00000000df780000,0x00000000e3700000)
 ParOldGen       total 104448K, used 70615K [0x0000000080000000, 0x0000000086600000, 0x00000000d5580000)
  object space 104448K, 67% used [0x0000000080000000,0x00000000844f5c98,0x0000000086600000)
 Metaspace       used 87371K, capacity 91561K, committed 91648K, reserved 1128448K
  class space    used 11994K, capacity 12739K, committed 12800K, reserved 1048576K
Event: 107.201 GC heap after
Heap after GC invocations=24 (full 3):
 PSYoungGen      total 230912K, used 49125K [0x00000000d5580000, 0x00000000e8400000, 0x0000000100000000)
  eden space 165888K, 0% used [0x00000000d5580000,0x00000000d5580000,0x00000000df780000)
  from space 65024K, 75% used [0x00000000df780000,0x00000000e2779748,0x00000000e3700000)
  to   space 58368K, 0% used [0x00000000e3700000,0x00000000e3700000,0x00000000e7000000)
 ParOldGen       total 104448K, used 70623K [0x0000000080000000, 0x0000000086600000, 0x00000000d5580000)
  object space 104448K, 67% used [0x0000000080000000,0x00000000844f7c98,0x0000000086600000)
 Metaspace       used 87371K, capacity 91561K, committed 91648K, reserved 1128448K
  class space    used 11994K, capacity 12739K, committed 12800K, reserved 1048576K
}

